2026-03-24 15:39:01 [Error] Message for "QD43CL96AL" failed sending to frontend: "System.Net.Http.HttpRequestException: Response status code does not indicate success: 500 (INTERNAL SERVER ERROR).
   at System.Net.Http.HttpResponseMessage.EnsureSuccessStatusCode()
   at SentraqController.Services.MqttSubscriberWorkerService.SendToFrontend(MqttPayload payload) in /Users/stefan/Projekte/Git/SentraQ/Source/Backend/SentraqController/Services/MqttSubscriberWorkerService.cs:line 207"
2026-03-24 15:39:15 [Information] Executed DbCommand ("16"ms) [Parameters=[""], CommandType='Text', CommandTimeout='30']"
""SELECT s.\"Id\", s.\"Key\", s.\"Value\"
FROM \"Setting\" AS s"
2026-03-24 15:39:15 [Information] Executed DbCommand ("2"ms) [Parameters=[""], CommandType='Text', CommandTimeout='30']"
""SELECT s.\"Id\", s.\"Key\", s.\"Value\"
FROM \"Setting\" AS s"
2026-03-24 15:39:15 [Information] Executed DbCommand ("2"ms) [Parameters=[""], CommandType='Text', CommandTimeout='30']"
""SELECT s.\"Id\", s.\"Key\", s.\"Value\"
FROM \"Setting\" AS s"
2026-03-24 15:39:15 [Information] Executed DbCommand ("1"ms) [Parameters=[""], CommandType='Text', CommandTimeout='30']"
""SELECT s.\"Id\", s.\"Key\", s.\"Value\"
FROM \"Setting\" AS s"
2026-03-24 15:39:15 [Information] Executed DbCommand ("1"ms) [Parameters=[""], CommandType='Text', CommandTimeout='30']"
""SELECT s.\"Id\", s.\"Key\", s.\"Value\"
FROM \"Setting\" AS s"
2026-03-24 15:39:15 [Information] Executed DbCommand ("1"ms) [Parameters=[""], CommandType='Text', CommandTimeout='30']"
""SELECT s.\"Id\", s.\"Key\", s.\"Value\"
FROM \"Setting\" AS s"
2026-03-24 15:39:15 [Information] Executed DbCommand ("1"ms) [Parameters=[""], CommandType='Text', CommandTimeout='30']"
""SELECT s.\"Id\", s.\"Key\", s.\"Value\"
FROM \"Setting\" AS s"
2026-03-24 15:39:15 [Information] Executed DbCommand ("1"ms) [Parameters=[""], CommandType='Text', CommandTimeout='30']"
""SELECT s.\"Id\", s.\"Key\", s.\"Value\"
FROM \"Setting\" AS s"
2026-03-24 15:39:15 [Information] Executed DbCommand ("1"ms) [Parameters=[""], CommandType='Text', CommandTimeout='30']"
""SELECT s.\"Id\", s.\"Key\", s.\"Value\"
FROM \"Setting\" AS s"
2026-03-24 15:39:15 [Information] Executed DbCommand ("1"ms) [Parameters=[""], CommandType='Text', CommandTimeout='30']"
""SELECT s.\"Id\", s.\"Key\", s.\"Value\"
FROM \"Setting\" AS s"
2026-03-24 15:39:15 [Information] Executed DbCommand ("1"ms) [Parameters=[""], CommandType='Text', CommandTimeout='30']"
""SELECT s.\"Id\", s.\"Key\", s.\"Value\"
FROM \"Setting\" AS s"
2026-03-24 15:39:15 [Information] Executed DbCommand ("1"ms) [Parameters=[""], CommandType='Text', CommandTimeout='30']"
""SELECT s.\"Id\", s.\"Key\", s.\"Value\"
FROM \"Setting\" AS s"
2026-03-24 15:39:15 [Information] Executed DbCommand ("1"ms) [Parameters=[""], CommandType='Text', CommandTimeout='30']"
""SELECT s.\"Id\", s.\"Key\", s.\"Value\"
FROM \"Setting\" AS s"
2026-03-24 15:39:15 [Information] Executed DbCommand ("1"ms) [Parameters=[""], CommandType='Text', CommandTimeout='30']"
""SELECT s.\"Id\", s.\"Key\", s.\"Value\"
FROM \"Setting\" AS s"
2026-03-24 15:39:15 [Information] Executed DbCommand ("1"ms) [Parameters=[""], CommandType='Text', CommandTimeout='30']"
""SELECT s.\"Id\", s.\"Key\", s.\"Value\"
FROM \"Setting\" AS s"
2026-03-24 15:39:15 [Information] Executed DbCommand ("1"ms) [Parameters=[""], CommandType='Text', CommandTimeout='30']"
""SELECT s.\"Id\", s.\"Key\", s.\"Value\"
FROM \"Setting\" AS s"
2026-03-24 15:39:15 [Information] Executed DbCommand ("1"ms) [Parameters=[""], CommandType='Text', CommandTimeout='30']"
""SELECT s.\"Id\", s.\"Key\", s.\"Value\"
FROM \"Setting\" AS s"
2026-03-24 15:39:15 [Information] Executed DbCommand ("1"ms) [Parameters=[""], CommandType='Text', CommandTimeout='30']"
""SELECT s.\"Id\", s.\"Key\", s.\"Value\"
FROM \"Setting\" AS s"
2026-03-24 15:39:15 [Information] Executed DbCommand ("1"ms) [Parameters=[""], CommandType='Text', CommandTimeout='30']"
""SELECT s.\"Id\", s.\"Key\", s.\"Value\"
FROM \"Setting\" AS s"
2026-03-24 15:39:15 [Information] Executed DbCommand ("1"ms) [Parameters=[""], CommandType='Text', CommandTimeout='30']"
""SELECT s.\"Id\", s.\"Key\", s.\"Value\"
FROM \"Setting\" AS s"
2026-03-24 15:39:15 [Information] Executed DbCommand ("1"ms) [Parameters=[""], CommandType='Text', CommandTimeout='30']"
""SELECT s.\"Id\", s.\"Key\", s.\"Value\"
FROM \"Setting\" AS s"
2026-03-24 15:39:15 [Information] Executed DbCommand ("1"ms) [Parameters=[""], CommandType='Text', CommandTimeout='30']"
""SELECT s.\"Id\", s.\"Key\", s.\"Value\"
FROM \"Setting\" AS s"
2026-03-24 15:39:15 [Information] Executed DbCommand ("0"ms) [Parameters=[""], CommandType='Text', CommandTimeout='30']"
""SELECT s.\"Id\", s.\"Key\", s.\"Value\"
FROM \"Setting\" AS s"
2026-03-24 15:39:15 [Information] Executed DbCommand ("1"ms) [Parameters=[""], CommandType='Text', CommandTimeout='30']"
""SELECT s.\"Id\", s.\"Key\", s.\"Value\"
FROM \"Setting\" AS s"
2026-03-24 15:39:15 [Information] Executed DbCommand ("1"ms) [Parameters=[""], CommandType='Text', CommandTimeout='30']"
""SELECT s.\"Id\", s.\"Key\", s.\"Value\"
FROM \"Setting\" AS s"
2026-03-24 15:39:15 [Information] Application started. Press Ctrl+C to shut down.
2026-03-24 15:39:15 [Information] Hosting environment: "Production"
2026-03-24 15:39:15 [Information] Content root path: "/Users/stefan/Projekte/Git/SentraQ/Source/Backend/SentraqController"
2026-03-24 15:39:15 [Information] Executed DbCommand ("5"ms) [Parameters=[""], CommandType='Text', CommandTimeout='30']"
""SELECT c.\"Id\", c.\"AdjustmentFunction\", c.\"DisplayName\", c.\"DisplayOrder\", c.\"DisplayUnit\", c.\"HardwareId\", c.\"MaxValue\", c.\"MinValue\", c.\"Removed\", c.\"ShortName\", c.\"StationId\", c.\"Type\", s0.\"Id\", s0.\"AlertReceiverEmailAddresses\", s0.\"DisplayColor\", s0.\"DisplayName\", s0.\"DisplayOrder\", s0.\"Latitude\", s0.\"Longitude\", s0.\"Removed\", s0.\"ShortName\", s0.\"Type\", s0.\"Uid\", s0.\"WatchdogHardwareId\", s0.\"HasActiveAlert\", s0.\"Discriminator\"
FROM \"Component\" AS c
INNER JOIN (
    SELECT s.\"Id\", s.\"AlertReceiverEmailAddresses\", s.\"DisplayColor\", s.\"DisplayName\", s.\"DisplayOrder\", s.\"Latitude\", s.\"Longitude\", s.\"Removed\", s.\"ShortName\", s.\"Type\", s.\"Uid\", s.\"WatchdogHardwareId\", v.\"HasActiveAlert\", CASE
        WHEN v.\"Id\" IS NOT NULL THEN 'StationView'
    END AS \"Discriminator\"
    FROM \"Station\" AS s
    LEFT JOIN \"vStation\" AS v ON s.\"Id\" = v.\"Id\"
) AS s0 ON c.\"StationId\" = s0.\"Id\""
2026-03-24 15:39:15 [Information] Executed DbCommand ("2"ms) [Parameters=[""], CommandType='Text', CommandTimeout='30']"
""SELECT c.\"Id\", c.\"Count\", c.\"HardwareId\", c.\"LastTs\", c.\"LastValue\"
FROM \"Counter\" AS c"
2026-03-24 15:39:15 [Information] MqttSubscriber connecting to "mint002.fritz.box" ...
2026-03-24 15:39:15 [Information] MqttSubscriber connected to "mint002.fritz.box"
2026-03-24 15:41:58 [Information] Executed DbCommand ("16"ms) [Parameters=[""], CommandType='Text', CommandTimeout='30']"
""SELECT s.\"Id\", s.\"Key\", s.\"Value\"
FROM \"Setting\" AS s"
2026-03-24 15:41:58 [Information] Executed DbCommand ("2"ms) [Parameters=[""], CommandType='Text', CommandTimeout='30']"
""SELECT s.\"Id\", s.\"Key\", s.\"Value\"
FROM \"Setting\" AS s"
2026-03-24 15:41:58 [Information] Executed DbCommand ("1"ms) [Parameters=[""], CommandType='Text', CommandTimeout='30']"
""SELECT s.\"Id\", s.\"Key\", s.\"Value\"
FROM \"Setting\" AS s"
2026-03-24 15:41:58 [Information] Executed DbCommand ("1"ms) [Parameters=[""], CommandType='Text', CommandTimeout='30']"
""SELECT s.\"Id\", s.\"Key\", s.\"Value\"
FROM \"Setting\" AS s"
2026-03-24 15:41:58 [Information] Executed DbCommand ("1"ms) [Parameters=[""], CommandType='Text', CommandTimeout='30']"
""SELECT s.\"Id\", s.\"Key\", s.\"Value\"
FROM \"Setting\" AS s"
2026-03-24 15:41:58 [Information] Executed DbCommand ("1"ms) [Parameters=[""], CommandType='Text', CommandTimeout='30']"
""SELECT s.\"Id\", s.\"Key\", s.\"Value\"
FROM \"Setting\" AS s"
2026-03-24 15:41:58 [Information] Executed DbCommand ("1"ms) [Parameters=[""], CommandType='Text', CommandTimeout='30']"
""SELECT s.\"Id\", s.\"Key\", s.\"Value\"
FROM \"Setting\" AS s"
2026-03-24 15:41:58 [Information] Executed DbCommand ("1"ms) [Parameters=[""], CommandType='Text', CommandTimeout='30']"
""SELECT s.\"Id\", s.\"Key\", s.\"Value\"
FROM \"Setting\" AS s"
2026-03-24 15:41:58 [Information] Executed DbCommand ("1"ms) [Parameters=[""], CommandType='Text', CommandTimeout='30']"
""SELECT s.\"Id\", s.\"Key\", s.\"Value\"
FROM \"Setting\" AS s"
2026-03-24 15:41:58 [Information] Executed DbCommand ("1"ms) [Parameters=[""], CommandType='Text', CommandTimeout='30']"
""SELECT s.\"Id\", s.\"Key\", s.\"Value\"
FROM \"Setting\" AS s"
2026-03-24 15:41:58 [Information] Executed DbCommand ("1"ms) [Parameters=[""], CommandType='Text', CommandTimeout='30']"
""SELECT s.\"Id\", s.\"Key\", s.\"Value\"
FROM \"Setting\" AS s"
2026-03-24 15:41:58 [Information] Executed DbCommand ("1"ms) [Parameters=[""], CommandType='Text', CommandTimeout='30']"
""SELECT s.\"Id\", s.\"Key\", s.\"Value\"
FROM \"Setting\" AS s"
2026-03-24 15:41:58 [Information] Executed DbCommand ("1"ms) [Parameters=[""], CommandType='Text', CommandTimeout='30']"
""SELECT s.\"Id\", s.\"Key\", s.\"Value\"
FROM \"Setting\" AS s"
2026-03-24 15:41:58 [Information] Executed DbCommand ("1"ms) [Parameters=[""], CommandType='Text', CommandTimeout='30']"
""SELECT s.\"Id\", s.\"Key\", s.\"Value\"
FROM \"Setting\" AS s"
2026-03-24 15:41:58 [Information] Executed DbCommand ("1"ms) [Parameters=[""], CommandType='Text', CommandTimeout='30']"
""SELECT s.\"Id\", s.\"Key\", s.\"Value\"
FROM \"Setting\" AS s"
2026-03-24 15:41:58 [Information] Executed DbCommand ("1"ms) [Parameters=[""], CommandType='Text', CommandTimeout='30']"
""SELECT s.\"Id\", s.\"Key\", s.\"Value\"
FROM \"Setting\" AS s"
2026-03-24 15:41:58 [Information] Executed DbCommand ("1"ms) [Parameters=[""], CommandType='Text', CommandTimeout='30']"
""SELECT s.\"Id\", s.\"Key\", s.\"Value\"
FROM \"Setting\" AS s"
2026-03-24 15:41:58 [Information] Executed DbCommand ("1"ms) [Parameters=[""], CommandType='Text', CommandTimeout='30']"
""SELECT s.\"Id\", s.\"Key\", s.\"Value\"
FROM \"Setting\" AS s"
2026-03-24 15:41:58 [Information] Executed DbCommand ("1"ms) [Parameters=[""], CommandType='Text', CommandTimeout='30']"
""SELECT s.\"Id\", s.\"Key\", s.\"Value\"
FROM \"Setting\" AS s"
2026-03-24 15:41:58 [Information] Executed DbCommand ("1"ms) [Parameters=[""], CommandType='Text', CommandTimeout='30']"
""SELECT s.\"Id\", s.\"Key\", s.\"Value\"
FROM \"Setting\" AS s"
2026-03-24 15:41:58 [Information] Executed DbCommand ("1"ms) [Parameters=[""], CommandType='Text', CommandTimeout='30']"
""SELECT s.\"Id\", s.\"Key\", s.\"Value\"
FROM \"Setting\" AS s"
2026-03-24 15:41:58 [Information] Executed DbCommand ("1"ms) [Parameters=[""], CommandType='Text', CommandTimeout='30']"
""SELECT s.\"Id\", s.\"Key\", s.\"Value\"
FROM \"Setting\" AS s"
2026-03-24 15:41:58 [Information] Executed DbCommand ("1"ms) [Parameters=[""], CommandType='Text', CommandTimeout='30']"
""SELECT s.\"Id\", s.\"Key\", s.\"Value\"
FROM \"Setting\" AS s"
2026-03-24 15:41:58 [Information] Executed DbCommand ("1"ms) [Parameters=[""], CommandType='Text', CommandTimeout='30']"
""SELECT s.\"Id\", s.\"Key\", s.\"Value\"
FROM \"Setting\" AS s"
2026-03-24 15:41:58 [Information] Executed DbCommand ("1"ms) [Parameters=[""], CommandType='Text', CommandTimeout='30']"
""SELECT s.\"Id\", s.\"Key\", s.\"Value\"
FROM \"Setting\" AS s"
2026-03-24 15:41:58 [Information] Application started. Press Ctrl+C to shut down.
2026-03-24 15:41:58 [Information] Hosting environment: "Production"
2026-03-24 15:41:58 [Information] Content root path: "/Users/stefan/Projekte/Git/SentraQ/Source/Backend/SentraqController"
2026-03-24 15:41:59 [Information] Executed DbCommand ("6"ms) [Parameters=[""], CommandType='Text', CommandTimeout='30']"
""SELECT c.\"Id\", c.\"AdjustmentFunction\", c.\"DisplayName\", c.\"DisplayOrder\", c.\"DisplayUnit\", c.\"HardwareId\", c.\"MaxValue\", c.\"MinValue\", c.\"Removed\", c.\"ShortName\", c.\"StationId\", c.\"Type\", s0.\"Id\", s0.\"AlertReceiverEmailAddresses\", s0.\"DisplayColor\", s0.\"DisplayName\", s0.\"DisplayOrder\", s0.\"Latitude\", s0.\"Longitude\", s0.\"Removed\", s0.\"ShortName\", s0.\"Type\", s0.\"Uid\", s0.\"WatchdogHardwareId\", s0.\"HasActiveAlert\", s0.\"Discriminator\"
FROM \"Component\" AS c
INNER JOIN (
    SELECT s.\"Id\", s.\"AlertReceiverEmailAddresses\", s.\"DisplayColor\", s.\"DisplayName\", s.\"DisplayOrder\", s.\"Latitude\", s.\"Longitude\", s.\"Removed\", s.\"ShortName\", s.\"Type\", s.\"Uid\", s.\"WatchdogHardwareId\", v.\"HasActiveAlert\", CASE
        WHEN v.\"Id\" IS NOT NULL THEN 'StationView'
    END AS \"Discriminator\"
    FROM \"Station\" AS s
    LEFT JOIN \"vStation\" AS v ON s.\"Id\" = v.\"Id\"
) AS s0 ON c.\"StationId\" = s0.\"Id\""
2026-03-24 15:41:59 [Information] Executed DbCommand ("2"ms) [Parameters=[""], CommandType='Text', CommandTimeout='30']"
""SELECT c.\"Id\", c.\"Count\", c.\"HardwareId\", c.\"LastTs\", c.\"LastValue\"
FROM \"Counter\" AS c"
2026-03-24 15:41:59 [Information] MqttSubscriber connecting to "mint002.fritz.box" ...
2026-03-24 15:41:59 [Information] MqttSubscriber connected to "mint002.fritz.box"
2026-03-24 15:42:01 [Information] Message received: "{\"Topic\":\"989AEEC5-B222-4EE0-9256-00BBD9D4899C\",\"Value\":\"1\",\"TS\":\"2026-03-24 15:42:01\",\"Hid\":\"QD43CL96AL\"}"
2026-03-24 15:42:02 [Information] Executed DbCommand ("11"ms) [Parameters=["@p0='?' (DbType = DateTime), @p1='?', @p2='?', @p3='?' (DbType = DateTime)"], CommandType='Text', CommandTimeout='30']"
""INSERT INTO \"EventData\" (\"CreateTs\", \"HardwareId\", \"Payload\", \"ReceivedTs\")
VALUES (@p0, @p1, @p2, @p3)
RETURNING \"Id\";"
2026-03-24 15:42:02 [Information] Message saved for "QD43CL96AL".
2026-03-24 15:42:02 [Error] Message for "QD43CL96AL" failed sending to frontend: "System.Net.Http.HttpRequestException: Response status code does not indicate success: 500 (INTERNAL SERVER ERROR).
   at System.Net.Http.HttpResponseMessage.EnsureSuccessStatusCode()
   at SentraqController.Services.MqttSubscriberWorkerService.SendToFrontend(MqttPayload payload) in /Users/stefan/Projekte/Git/SentraQ/Source/Backend/SentraqController/Services/MqttSubscriberWorkerService.cs:line 207"
